2021-06-04 10:08:55 INFO  actitime testing:23 - the chrome browser has been launched
2021-06-04 10:08:56 INFO  actitime testing:26 - the chrome browser window has been maximised
2021-06-04 10:09:03 INFO  actitime testing:39 - navigated to the actitime software
2021-06-04 10:09:19 INFO  actitime testing:60 - logged into the actitime software
2021-06-04 10:09:25 INFO  actitime testing:64 - minimise the flyout window
2021-06-04 10:09:53 INFO  actitime testing:124 - created the user successfully
2021-06-04 10:10:07 INFO  actitime testing:148 - deleted the user successfully
2021-06-04 10:10:10 INFO  actitime testing:79 - logged out of the application successfully
2021-06-04 10:10:10 INFO  actitime testing:93 - closed the browser successfully
2021-06-04 10:10:10 INFO  actitime testing:95 - ---------------------------------------
2021-06-04 10:12:10 INFO  actitime testing:22 - chrome browser has been successfully launched
2021-06-04 10:12:10 INFO  actitime testing:25 - browser has been maximised
2021-06-04 10:12:15 INFO  actitime testing:38 - navigated to the actitime successfully
2021-06-04 10:12:17 INFO  actitime testing:54 - logged in to actitime successfully
2021-06-04 10:12:21 INFO  actitime testing:82 - flyout window has been minimised
2021-06-04 10:12:37 INFO  actitime testing:107 - user has been created successfully
2021-06-04 10:12:48 INFO  actitime testing:161 - the user has been modified successfully
2021-06-04 10:13:01 INFO  actitime testing:128 - user has been deleted successfully
2021-06-04 10:13:01 INFO  actitime testing:68 - logged out of actitime successfully
2021-06-04 10:13:04 INFO  actitime testing:141 - the application has been closed successfully
2021-06-04 10:13:04 INFO  actitime testing:142 - ------------------------------------------------------------
2021-06-04 11:02:18 INFO  actitime testing:21 - chrome browser has been successfully launched
2021-06-04 11:02:19 INFO  actitime testing:23 - browser has been maximsed
2021-06-04 11:02:26 INFO  actitime testing:37 - navigated to actitime application successfully
2021-06-04 11:02:29 INFO  actitime testing:53 - logged into the application successfully
2021-06-04 11:02:30 INFO  actitime testing:81 - flyout window has been minimised successfully
2021-06-04 11:02:46 INFO  actitime testing:105 - user has been created successfully
2021-06-04 11:03:03 INFO  actitime testing:164 - customer has been created succesfully
2021-06-04 11:03:15 INFO  actitime testing:187 - customer has been deleted successfully
2021-06-04 11:03:31 INFO  actitime testing:128 - deleted user successfully
2021-06-04 11:03:35 INFO  actitime testing:67 - logged out of the application successfully
2021-06-04 11:03:36 INFO  actitime testing:141 - chrome browser has been closed
2021-06-04 11:03:36 INFO  actitime testing:142 - -------------------------------------------
2021-06-04 11:04:49 INFO  actitime testing:21 - chrome browser has been successfully launched
2021-06-04 11:04:49 INFO  actitime testing:23 - browser has been maximsed
2021-06-04 11:04:57 INFO  actitime testing:37 - navigated to actitime application successfully
2021-06-04 11:05:00 INFO  actitime testing:53 - logged into the application successfully
2021-06-04 11:05:04 INFO  actitime testing:81 - flyout window has been minimised successfully
2021-06-04 11:05:20 INFO  actitime testing:105 - user has been created successfully
2021-06-04 11:05:39 INFO  actitime testing:163 - customer has been created successfully
2021-06-04 11:05:49 INFO  actitime testing:208 - customer has been modified successfully
2021-06-04 11:06:05 INFO  actitime testing:188 - customer has been deleted successfully
2021-06-04 11:06:18 INFO  actitime testing:127 - user has been deleted successfully
2021-06-04 11:06:25 INFO  actitime testing:140 - chrome browser has been closed
2021-06-04 11:06:25 INFO  actitime testing:141 - ---------------------------------------------
2021-06-04 11:12:50 INFO  actitime testing:141 - -------------------------------------------
2021-06-04 11:15:26 INFO  actitime testing:21 - chrome browser has been successfully launched
2021-06-04 11:15:27 INFO  actitime testing:23 - browser has been maximsed
2021-06-04 11:15:31 INFO  actitime testing:36 - navigated to actitime application successfully
2021-06-04 11:15:35 INFO  actitime testing:53 - logged into the application successfully
2021-06-04 11:15:37 INFO  actitime testing:81 - flyout window has been minimised successfully
2021-06-04 11:15:54 INFO  actitime testing:105 - user has been created successfully
2021-06-04 11:16:10 INFO  actitime testing:163 - customer has been created succesfully
2021-06-04 11:16:23 INFO  actitime testing:216 - project has been created succesfully
2021-06-04 11:16:36 INFO  actitime testing:239 - project has been deleted succesfully
2021-06-04 11:16:51 INFO  actitime testing:189 - customer has been deleted succesfully
2021-06-04 11:17:03 INFO  actitime testing:127 - deleted user successfully
2021-06-04 11:17:06 INFO  actitime testing:67 - logged out of the application successfully
2021-06-04 11:17:06 INFO  actitime testing:140 - chrome browser has been closed
2021-06-04 11:17:06 INFO  actitime testing:141 - -------------------------------------------
2021-06-04 11:19:05 INFO  actitime testing:21 - chrome browser has been successfully launched
2021-06-04 11:19:05 INFO  actitime testing:23 - browser has been maximsed
2021-06-04 11:19:12 INFO  actitime testing:36 - navigated to actitime application successfully
2021-06-04 11:19:17 INFO  actitime testing:53 - logged into the application successfully
2021-06-04 11:19:18 INFO  actitime testing:81 - flyout window has been minimised successfully
2021-06-04 11:19:32 INFO  actitime testing:105 - user has been created successfully
2021-06-04 11:19:49 INFO  actitime testing:165 - customer has been created successfully
2021-06-04 11:20:01 INFO  actitime testing:217 - project has been created successfully
2021-06-04 11:20:11 INFO  actitime testing:262 - project has been modified successfully
2021-06-04 11:20:23 INFO  actitime testing:241 - project has been deleted successfully
2021-06-04 11:20:39 INFO  actitime testing:191 - customer has been deleted successfully
2021-06-04 11:20:51 INFO  actitime testing:127 - user has been deleted successfully
2021-06-04 11:20:54 INFO  actitime testing:67 - logged out of the application successfully
2021-06-04 11:20:55 INFO  actitime testing:141 - chrome browser has been closed
2021-06-04 11:20:55 INFO  actitime testing:142 - ---------------------------------------------
2021-06-04 11:22:25 INFO  actitime testing:21 - chrome browser has been successfully launched
2021-06-04 11:22:25 INFO  actitime testing:23 - browser has been maximsed
2021-06-04 11:22:29 INFO  actitime testing:36 - navigated to actitime application successfully
2021-06-04 11:22:34 INFO  actitime testing:53 - logged into the application successfully
2021-06-04 11:22:36 INFO  actitime testing:81 - flyout window has been minimised successfully
2021-06-04 11:22:52 INFO  actitime testing:105 - user has been created successfully
2021-06-04 11:23:09 INFO  actitime testing:164 - customer has been created succesfully
2021-06-04 11:23:35 INFO  actitime testing:268 - task has been created succesfully
2021-06-04 11:23:50 INFO  actitime testing:289 - task has been deleted succesfully
2021-06-04 11:24:02 INFO  actitime testing:242 - project has been deleted succesfully
2021-06-04 11:24:18 INFO  actitime testing:190 - customer has been deleted succesfully
2021-06-04 11:24:30 INFO  actitime testing:127 - user has been deleted successfully
2021-06-04 11:24:32 INFO  actitime testing:67 - logged out of the application successfully
2021-06-04 11:24:33 INFO  actitime testing:140 - chrome browser has been closed
2021-06-04 11:24:33 INFO  actitime testing:141 - -------------------------------------------
2021-06-04 11:25:24 INFO  actitime testing:22 - chrome browser has been successfully launched
2021-06-04 11:25:24 INFO  actitime testing:25 - browser has been maximsed
2021-06-04 11:25:29 INFO  actitime testing:38 - navigated to actitime application successfully
2021-06-04 11:25:40 INFO  actitime testing:56 - logged into the application successfully
2021-06-04 11:25:46 INFO  actitime testing:117 - flyout window has been minimised successfully
2021-06-04 11:26:09 INFO  actitime testing:179 - user1 has been created successfully
2021-06-04 11:26:24 INFO  actitime testing:179 - user2 has been created successfully
2021-06-04 11:26:39 INFO  actitime testing:179 - user3 has been created successfully
2021-06-04 11:26:45 INFO  actitime testing:88 - logged out of the application successfully
2021-06-04 11:27:16 INFO  actitime testing:140 - user 1has been logged in successfully
2021-06-04 11:27:22 INFO  actitime testing:144 - user1 has been logged out successfully
2021-06-04 11:27:53 INFO  actitime testing:140 - user 2has been logged in successfully
2021-06-04 11:28:00 INFO  actitime testing:144 - user2 has been logged out successfully
2021-06-04 11:28:30 INFO  actitime testing:140 - user 3has been logged in successfully
2021-06-04 11:28:37 INFO  actitime testing:144 - user3 has been logged out successfully
2021-06-04 11:28:44 INFO  actitime testing:73 - logged into the application successfully
2021-06-04 11:29:20 INFO  actitime testing:206 - user0 has been deleted successfully
2021-06-04 11:29:54 INFO  actitime testing:206 - user1 has been deleted successfully
2021-06-04 11:30:29 INFO  actitime testing:206 - user2 has been deleted successfully
2021-06-04 11:30:47 INFO  actitime testing:103 - logged out of the application successfully
2021-06-04 11:30:49 INFO  actitime testing:221 - chrome browser has been closed
2021-06-04 11:30:49 INFO  actitime testing:222 - -------------------------------------------
2021-06-04 11:32:28 INFO  actitime testing:21 - chrome browser has been successfully launched
2021-06-04 11:32:28 INFO  actitime testing:23 - browser has been maximsed
2021-06-04 11:32:35 INFO  actitime testing:36 - navigated to actitime application successfully
2021-06-04 11:32:48 INFO  actitime testing:58 - logged into the application successfully
2021-06-04 11:33:13 INFO  actitime testing:84 - user0created successfully
2021-06-04 11:33:17 INFO  actitime testing:87 - logged out of the application successfully
2021-06-04 11:33:25 INFO  actitime testing:58 - logged into the application successfully
2021-06-04 11:42:59 INFO  actitime testing:21 - chrome browser has been successfully launched
2021-06-04 11:42:59 INFO  actitime testing:23 - browser has been maximsed
2021-06-04 11:43:11 INFO  actitime testing:36 - navigated to actitime application successfully
2021-06-04 11:43:25 INFO  actitime testing:58 - logged into the application successfully
2021-06-04 11:43:44 INFO  actitime testing:84 - user0created successfully
2021-06-04 11:43:47 INFO  actitime testing:87 - logged out of the application successfully
2021-06-04 11:43:58 INFO  actitime testing:58 - logged into the application successfully
2021-06-04 11:44:25 INFO  actitime testing:84 - user1created successfully
2021-06-04 11:44:28 INFO  actitime testing:87 - logged out of the application successfully
2021-06-04 11:44:38 INFO  actitime testing:58 - logged into the application successfully
2021-06-04 11:45:05 INFO  actitime testing:84 - user2created successfully
2021-06-04 11:45:08 INFO  actitime testing:87 - logged out of the application successfully
2021-06-04 11:45:15 INFO  actitime testing:114 - admin logged into the application successfully
2021-06-04 11:45:40 INFO  actitime testing:132 - modified the user0 successfully
2021-06-04 11:46:08 INFO  actitime testing:146 - logged out of the application successfully
2021-06-04 11:46:15 INFO  actitime testing:182 - user0 logged into the application successfully
2021-06-04 11:46:40 INFO  actitime testing:189 - modified the user1 successfully
2021-06-04 11:47:08 INFO  actitime testing:200 - logged out of the application successfully
2021-06-04 11:47:15 INFO  actitime testing:240 - user1 logged into the application successfully
2021-06-04 11:47:40 INFO  actitime testing:244 - modified the user2 successfully
2021-06-04 11:47:08 INFO  actitime testing:250 - logged out of the application successfully
2021-06-04 11:48:15 INFO  actitime testing:260 - user1 logged into the application successfully
2021-06-04 11:48:40 INFO  actitime testing:268 - deleted the user2 successfully
2021-06-04 11:48:08 INFO  actitime testing:287 - logged out of the application successfully
2021-06-04 11:48:15 INFO  actitime testing:314 - user0 logged into the application successfully
2021-06-04 11:48:40 INFO  actitime testing:332 - deleted the user1 successfully
2021-06-04 11:49:08 INFO  actitime testing:387 - logged out of the application successfully
2021-06-04 11:49:15 INFO  actitime testing:403 - admin logged into the application successfully
2021-06-04 11:49:40 INFO  actitime testing:432 - deleted the user0 successfully
2021-06-04 11:49:08 INFO  actitime testing:438 - logged out of the application successfully
2021-06-04 11:50:42 INFO  actitime testing:439 - chrome browser has been closed
2021-06-04 11:50:42 INFO  actitime testing:466 - -------------------------------------------
2021-06-07 18:23:04 INFO  actitime testing:25 - the chrome browser has been launched
2021-06-07 18:23:04 INFO  actitime testing:28 - the chrome browser window has been maximised
2021-06-07 18:23:47 INFO  actitime testing:45 - navigated to the actitime software
2021-06-07 18:26:32 INFO  actitime testing:25 - the chrome browser has been launched
2021-06-07 18:26:33 INFO  actitime testing:28 - the chrome browser window has been maximised
2021-06-07 18:26:41 INFO  actitime testing:45 - navigated to the actitime software
2021-06-07 18:26:59 INFO  actitime testing:80 - logged into the actitime software
2021-06-07 18:27:14 INFO  actitime testing:84 - minimise the flyout window
2021-06-07 18:27:48 INFO  actitime testing:157 - created the user successfully
2021-06-07 18:28:03 INFO  actitime testing:181 - deleted the user successfully
2021-06-07 18:45:30 INFO  actitime testing:25 - the chrome browser has been launched
2021-06-07 18:45:31 INFO  actitime testing:28 - the chrome browser window has been maximised
2021-06-07 18:45:41 INFO  actitime testing:45 - navigated to the actitime software
2021-06-07 18:45:58 INFO  actitime testing:80 - logged into the actitime software
2021-06-07 18:46:15 INFO  actitime testing:25 - the chrome browser has been launched
2021-06-07 18:46:15 INFO  actitime testing:28 - the chrome browser window has been maximised
2021-06-07 18:46:23 INFO  actitime testing:45 - navigated to the actitime software
2021-06-07 18:46:42 INFO  actitime testing:80 - logged into the actitime software
2021-06-07 18:46:49 INFO  actitime testing:84 - minimise the flyout window
2021-06-07 18:47:19 INFO  actitime testing:157 - created the user successfully
2021-06-07 18:47:35 INFO  actitime testing:181 - deleted the user successfully
2021-06-07 18:47:45 INFO  actitime testing:25 - the chrome browser has been launched
2021-06-07 18:47:45 INFO  actitime testing:28 - the chrome browser window has been maximised
2021-06-07 18:47:51 INFO  actitime testing:45 - navigated to the actitime software
2021-06-07 18:48:07 INFO  actitime testing:80 - logged into the actitime software
2021-06-07 18:48:14 INFO  actitime testing:84 - minimise the flyout window
2021-06-07 18:48:42 INFO  actitime testing:157 - created the user successfully
2021-06-07 18:48:57 INFO  actitime testing:181 - deleted the user successfully
2021-06-07 18:49:06 INFO  actitime testing:25 - the chrome browser has been launched
2021-06-07 18:49:07 INFO  actitime testing:28 - the chrome browser window has been maximised
2021-06-07 18:49:11 INFO  actitime testing:45 - navigated to the actitime software
2021-06-07 18:49:28 INFO  actitime testing:80 - logged into the actitime software
2021-06-07 18:49:34 INFO  actitime testing:84 - minimise the flyout window
2021-06-07 18:52:52 INFO  actitime testing:25 - the chrome browser has been launched
2021-06-07 18:52:52 INFO  actitime testing:28 - the chrome browser window has been maximised
2021-06-07 18:52:57 INFO  actitime testing:45 - navigated to the actitime software
2021-06-07 18:53:14 INFO  actitime testing:80 - logged into the actitime software
2021-06-07 18:53:32 INFO  actitime testing:25 - the chrome browser has been launched
2021-06-07 18:53:33 INFO  actitime testing:28 - the chrome browser window has been maximised
2021-06-07 18:53:38 INFO  actitime testing:45 - navigated to the actitime software
2021-06-07 18:53:55 INFO  actitime testing:80 - logged into the actitime software
2021-06-07 18:54:01 INFO  actitime testing:84 - minimise the flyout window
2021-06-07 18:54:28 INFO  actitime testing:157 - created the user successfully
2021-06-07 18:54:43 INFO  actitime testing:181 - deleted the user successfully
2021-06-07 18:54:56 INFO  actitime testing:25 - the chrome browser has been launched
2021-06-07 18:54:57 INFO  actitime testing:28 - the chrome browser window has been maximised
2021-06-07 18:55:01 INFO  actitime testing:45 - navigated to the actitime software
2021-06-07 18:55:17 INFO  actitime testing:80 - logged into the actitime software
2021-06-07 18:55:24 INFO  actitime testing:84 - minimise the flyout window
2021-06-07 19:04:02 INFO  actitime testing:25 - the chrome browser has been launched
2021-06-07 19:04:02 INFO  actitime testing:28 - the chrome browser window has been maximised
2021-06-07 19:04:45 INFO  actitime testing:25 - the chrome browser has been launched
2021-06-07 19:04:45 INFO  actitime testing:28 - the chrome browser window has been maximised
2021-06-07 19:04:51 INFO  actitime testing:45 - navigated to the actitime software
2021-06-07 19:05:23 INFO  actitime testing:22 - chrome browser has been successfully launched
2021-06-07 19:05:24 INFO  actitime testing:25 - browser has been maximised
2021-06-07 19:05:31 INFO  actitime testing:38 - navigated to the actitime successfully
2021-06-07 19:05:34 INFO  actitime testing:54 - logged in to actitime successfully
2021-06-07 19:05:44 INFO  actitime testing:141 - the application has been closed successfully
2021-06-07 19:05:44 INFO  actitime testing:142 - ------------------------------------------------------------
2021-06-07 19:07:15 INFO  actitime testing:25 - the chrome browser has been launched
2021-06-07 19:07:15 INFO  actitime testing:28 - the chrome browser window has been maximised
2021-06-07 19:07:19 INFO  actitime testing:45 - navigated to the actitime software
2021-06-07 19:07:39 INFO  actitime testing:80 - logged into the actitime software
2021-06-07 19:07:45 INFO  actitime testing:84 - minimise the flyout window
2021-06-07 19:08:15 INFO  actitime testing:157 - created the user successfully
2021-06-07 19:08:30 INFO  actitime testing:181 - deleted the user successfully
2021-06-07 19:08:38 INFO  actitime testing:22 - chrome browser has been successfully launched
2021-06-07 19:08:39 INFO  actitime testing:25 - browser has been maximised
2021-06-07 19:08:44 INFO  actitime testing:38 - navigated to the actitime successfully
2021-06-07 19:08:46 INFO  actitime testing:54 - logged in to actitime successfully
2021-06-07 19:08:58 INFO  actitime testing:141 - the application has been closed successfully
2021-06-07 19:08:58 INFO  actitime testing:142 - ------------------------------------------------------------
2021-06-07 19:10:09 INFO  actitime testing:25 - the chrome browser has been launched
2021-06-07 19:10:09 INFO  actitime testing:28 - the chrome browser window has been maximised
2021-06-07 19:10:14 INFO  actitime testing:45 - navigated to the actitime software
2021-06-07 19:10:40 INFO  actitime testing:22 - chrome browser has been successfully launched
2021-06-07 19:10:41 INFO  actitime testing:25 - browser has been maximised
2021-06-07 19:10:46 INFO  actitime testing:38 - navigated to the actitime successfully
2021-06-07 19:10:50 INFO  actitime testing:54 - logged in to actitime successfully
2021-06-07 19:11:02 INFO  actitime testing:141 - the application has been closed successfully
2021-06-07 19:11:02 INFO  actitime testing:142 - ------------------------------------------------------------
2021-06-07 19:11:55 INFO  actitime testing:25 - the chrome browser has been launched
2021-06-07 19:11:56 INFO  actitime testing:28 - the chrome browser window has been maximised
2021-06-07 19:12:01 INFO  actitime testing:45 - navigated to the actitime software
2021-06-07 19:12:26 INFO  actitime testing:22 - chrome browser has been successfully launched
2021-06-07 19:12:27 INFO  actitime testing:25 - browser has been maximised
2021-06-07 19:12:33 INFO  actitime testing:38 - navigated to the actitime successfully
2021-06-07 19:12:35 INFO  actitime testing:54 - logged in to actitime successfully
2021-06-07 19:13:03 INFO  actitime testing:25 - the chrome browser has been launched
2021-06-07 19:13:03 INFO  actitime testing:28 - the chrome browser window has been maximised
2021-06-07 19:13:15 INFO  actitime testing:45 - navigated to the actitime software
2021-06-07 19:13:41 INFO  actitime testing:22 - chrome browser has been successfully launched
2021-06-07 19:13:42 INFO  actitime testing:25 - browser has been maximised
2021-06-07 19:13:46 INFO  actitime testing:38 - navigated to the actitime successfully
2021-06-07 19:13:49 INFO  actitime testing:54 - logged in to actitime successfully
2021-06-07 19:13:59 INFO  actitime testing:141 - the application has been closed successfully
2021-06-07 19:13:59 INFO  actitime testing:142 - ------------------------------------------------------------
2021-06-07 19:15:38 INFO  actitime testing:25 - the chrome browser has been launched
2021-06-07 19:15:38 INFO  actitime testing:28 - the chrome browser window has been maximised
2021-06-07 19:15:43 INFO  actitime testing:45 - navigated to the actitime software
2021-06-07 19:16:00 INFO  actitime testing:80 - logged into the actitime software
2021-06-07 19:16:07 INFO  actitime testing:84 - minimise the flyout window
2021-06-07 19:16:42 INFO  actitime testing:157 - created the user successfully
2021-06-07 19:16:58 INFO  actitime testing:181 - deleted the user successfully
2021-06-07 19:17:07 INFO  actitime testing:22 - chrome browser has been successfully launched
2021-06-07 19:17:07 INFO  actitime testing:25 - browser has been maximised
2021-06-07 19:17:13 INFO  actitime testing:38 - navigated to the actitime successfully
2021-06-07 19:17:16 INFO  actitime testing:54 - logged in to actitime successfully
2021-06-07 19:17:26 INFO  actitime testing:141 - the application has been closed successfully
2021-06-07 19:17:26 INFO  actitime testing:142 - ------------------------------------------------------------
2021-06-07 19:23:10 INFO  actitime testing:25 - the chrome browser has been launched
2021-06-07 19:23:10 INFO  actitime testing:28 - the chrome browser window has been maximised
2021-06-07 19:23:19 INFO  actitime testing:45 - navigated to the actitime software
2021-06-07 19:23:36 INFO  actitime testing:80 - logged into the actitime software
2021-06-07 19:23:42 INFO  actitime testing:84 - minimise the flyout window
2021-06-07 19:24:09 INFO  actitime testing:157 - created the user successfully
2021-06-07 19:24:24 INFO  actitime testing:181 - deleted the user successfully
2021-06-07 19:24:32 INFO  actitime testing:22 - chrome browser has been successfully launched
2021-06-07 19:24:32 INFO  actitime testing:25 - browser has been maximised
2021-06-07 19:24:36 INFO  actitime testing:38 - navigated to the actitime successfully
2021-06-07 19:24:38 INFO  actitime testing:54 - logged in to actitime successfully
2021-06-07 19:24:50 INFO  actitime testing:141 - the application has been closed successfully
2021-06-07 19:24:50 INFO  actitime testing:142 - ------------------------------------------------------------
2021-06-07 19:26:33 INFO  actitime testing:25 - the chrome browser has been launched
2021-06-07 19:26:34 INFO  actitime testing:28 - the chrome browser window has been maximised
2021-06-07 19:26:43 INFO  actitime testing:45 - navigated to the actitime software
2021-06-07 19:27:00 INFO  actitime testing:80 - logged into the actitime software
2021-06-07 19:27:06 INFO  actitime testing:84 - minimise the flyout window
2021-06-07 19:27:33 INFO  actitime testing:157 - created the user successfully
2021-06-07 19:27:47 INFO  actitime testing:181 - deleted the user successfully
2021-06-07 19:27:54 INFO  actitime testing:25 - the chrome browser has been launched
2021-06-07 19:27:55 INFO  actitime testing:28 - the chrome browser window has been maximised
2021-06-07 19:28:01 INFO  actitime testing:45 - navigated to the actitime software
2021-06-07 19:28:17 INFO  actitime testing:80 - logged into the actitime software
2021-06-07 19:28:24 INFO  actitime testing:84 - minimise the flyout window
2021-06-07 19:28:50 INFO  actitime testing:157 - created the user successfully
2021-06-07 19:29:04 INFO  actitime testing:181 - deleted the user successfully
2021-06-07 19:40:32 INFO  actitime testing:25 - the chrome browser has been launched
2021-06-07 19:40:33 INFO  actitime testing:28 - the chrome browser window has been maximised
2021-06-07 19:40:36 INFO  actitime testing:45 - navigated to the actitime software
2021-06-07 19:41:01 INFO  actitime testing:25 - the chrome browser has been launched
2021-06-07 19:41:02 INFO  actitime testing:28 - the chrome browser window has been maximised
2021-06-07 19:41:07 INFO  actitime testing:45 - navigated to the actitime software
2021-06-07 19:42:20 INFO  actitime testing:25 - the chrome browser has been launched
2021-06-07 19:42:20 INFO  actitime testing:28 - the chrome browser window has been maximised
2021-06-07 19:42:25 INFO  actitime testing:45 - navigated to the actitime software
2021-06-07 19:42:51 INFO  actitime testing:25 - the chrome browser has been launched
2021-06-07 19:42:52 INFO  actitime testing:28 - the chrome browser window has been maximised
2021-06-07 19:42:58 INFO  actitime testing:45 - navigated to the actitime software
2021-06-07 19:43:53 INFO  actitime testing:25 - the chrome browser has been launched
2021-06-07 19:43:54 INFO  actitime testing:28 - the chrome browser window has been maximised
2021-06-07 19:43:59 INFO  actitime testing:45 - navigated to the actitime software
2021-06-07 19:44:16 INFO  actitime testing:80 - logged into the actitime software
2021-06-07 19:44:22 INFO  actitime testing:84 - minimise the flyout window
2021-06-07 19:44:50 INFO  actitime testing:157 - created the user successfully
2021-06-07 19:45:05 INFO  actitime testing:181 - deleted the user successfully
2021-06-07 19:45:16 INFO  actitime testing:25 - the chrome browser has been launched
2021-06-07 19:45:17 INFO  actitime testing:28 - the chrome browser window has been maximised
2021-06-07 19:45:24 INFO  actitime testing:45 - navigated to the actitime software
